<?xml version="1.0" encoding="UTF-8"?>
<!-- Generated by org.testng.reporters.JUnitXMLReporter -->
<testsuite hostname="Marc-PC" ignored="0" name="Amazon" tests="2" failures="1" timestamp="29 oct 2020 19:06:56 GMT" time="55.167" errors="0">
  <testcase name="TestTitle" time="33.074" classname="com.tests.TestSearchProduct">
    <failure type="java.lang.AssertionError" message="expected [Amazon] but found [Amazon.es: compra online de electrónica, libros, deporte, hogar, moda y mucho más.]">
      <![CDATA[java.lang.AssertionError: expected [Amazon] but found [Amazon.es: compra online de electrónica, libros, deporte, hogar, moda y mucho más.]
at com.tests.TestSearchProduct.TestTitle(TestSearchProduct.java:68)
at java.util.concurrent.ThreadPoolExecutor.runWorker(Unknown Source)
at java.util.concurrent.ThreadPoolExecutor$Worker.run(Unknown Source)
at java.lang.Thread.run(Unknown Source)
... Removed 16 stack frames]]>
    </failure>
  </testcase> <!-- TestTitle -->
  <testcase name="SearchProduct" time="55.147" classname="com.tests.TestSearchProduct"/>
</testsuite> <!-- Amazon -->
